<?xml version="1.0" encoding="UTF-8"?>
<!-- Generated by org.testng.reporters.JUnitReportReporter -->
<testsuite hostname="LAPTOP-VJ5L7PNA" failures="0" tests="3" name="TestVigrantAssignment.ImdbAndWiki" time="9.651" errors="0" timestamp="2022-11-08T01:49:16 IST" skipped="0">
  <testcase classname="TestVigrantAssignment.ImdbAndWiki" name="Imdb" time="7.652"/>
  <system-out/>
  <testcase classname="TestVigrantAssignment.ImdbAndWiki" name="Wiki" time="1.997"/>
  <system-out/>
  <testcase classname="TestVigrantAssignment.ImdbAndWiki" name="ValidationOfWikiAndImdb" time="0.002"/>
  <system-out/>
</testsuite> <!-- TestVigrantAssignment.ImdbAndWiki -->
