<?xml version="1.0" encoding="UTF-8"?>
<!-- Generated by org.testng.reporters.JUnitReportReporter -->
<testsuite hostname="LAPTOP-VJ5L7PNA" failures="0" tests="1" name="TestVigrantAssignment.ImdbAndWiki" time="5.377" errors="0" timestamp="2022-11-08T00:57:24 IST" skipped="0">
  <testcase classname="TestVigrantAssignment.ImdbAndWiki" name="Imdb" time="5.377"/>
  <system-out/>
</testsuite> <!-- TestVigrantAssignment.ImdbAndWiki -->
