<?xml version="1.0" encoding="UTF-8"?>
<!-- Generated by org.testng.reporters.JUnitReportReporter -->
<testsuite hostname="LAPTOP-VJ5L7PNA" failures="0" tests="1" name="TestVigrantAssignment.DemoFile" time="0.003" errors="0" timestamp="2022-11-08T00:56:39 IST" skipped="0">
  <testcase classname="TestVigrantAssignment.DemoFile" name="run" time="0.003"/>
  <system-out/>
</testsuite> <!-- TestVigrantAssignment.DemoFile -->
